\BOOKMARK [1][-]{section.1}{\376\377\123\167\171\357\116\016\131\107\137\002\121\375\145\160}{}% 1
\BOOKMARK [2][-]{subsection.1.1}{\376\377\133\232\116\111}{section.1}% 2
\BOOKMARK [2][-]{subsection.1.2}{\376\377\221\315\211\201\140\047\215\050}{section.1}% 3
\BOOKMARK [1][-]{section.2}{\376\377\120\205\221\314\123\366\176\247\145\160}{}% 4
\BOOKMARK [2][-]{subsection.2.1}{\376\377\133\232\116\111}{section.2}% 5
\BOOKMARK [2][-]{subsection.2.2}{\376\377\150\070\137\303\121\163\174\373\116\016\140\047\215\050}{section.2}% 6
\BOOKMARK [1][-]{section.3}{\376\377\217\336\176\355\145\366\225\364\120\205\221\314\123\366\123\330\143\142}{}% 7
\BOOKMARK [2][-]{subsection.3.1}{\376\377\133\232\116\111}{section.3}% 8
\BOOKMARK [2][-]{subsection.3.2}{\376\377\221\315\211\201\140\047\215\050}{section.3}% 9
\BOOKMARK [2][-]{subsection.3.3}{\376\377\131\107\120\166\122\006\211\343}{section.3}% 10
\BOOKMARK [2][-]{subsection.3.4}{\376\377\136\070\211\301\120\205\221\314\123\366\123\330\143\142\133\371}{section.3}% 11
\BOOKMARK [2][-]{subsection.3.5}{\376\377\124\150\147\037\117\341\123\367\166\204\120\205\221\314\123\366\123\330\143\142}{section.3}% 12
\BOOKMARK [2][-]{subsection.3.6}{\376\377\147\054\137\201\121\375\145\160}{section.3}% 13
\BOOKMARK [1][-]{section.4}{\376\377\171\273\145\143\145\366\225\364\120\205\221\314\123\366\123\330\143\142\000\050\000D\000T\000F\000T\000\051}{}% 14
\BOOKMARK [2][-]{subsection.4.1}{\376\377\133\232\116\111}{section.4}% 15
\BOOKMARK [2][-]{subsection.4.2}{\376\377\116\073\211\201\140\047\215\050}{section.4}% 16
\BOOKMARK [2][-]{subsection.4.3}{\376\377\136\070\211\301\000D\000T\000F\000T\123\330\143\142\133\371}{section.4}% 17
\BOOKMARK [1][-]{section.5}{\376\377\142\311\146\156\142\311\145\257\123\330\143\142\377\010\123\314\217\271\377\011}{}% 18
\BOOKMARK [2][-]{subsection.5.1}{\376\377\133\232\116\111}{section.5}% 19
\BOOKMARK [2][-]{subsection.5.2}{\376\377\116\073\211\201\140\047\215\050}{section.5}% 20
\BOOKMARK [2][-]{subsection.5.3}{\376\377\136\070\211\301\142\311\146\156\142\311\145\257\123\330\143\142\133\371}{section.5}% 21
\BOOKMARK [2][-]{subsection.5.4}{\376\377\126\340\147\234\140\047\116\016\172\063\133\232\140\047}{section.5}% 22
\BOOKMARK [2][-]{subsection.5.5}{\376\377\123\125\217\271\140\047\215\050}{section.5}% 23
\BOOKMARK [2][-]{subsection.5.6}{\376\377\147\054\137\201\121\375\145\160}{section.5}% 24
\BOOKMARK [1][-]{section.6}{\376\377\000z\123\330\143\142}{}% 25
\BOOKMARK [2][-]{subsection.6.1}{\376\377\133\232\116\111}{section.6}% 26
\BOOKMARK [2][-]{subsection.6.2}{\376\377\116\073\211\201\140\047\215\050}{section.6}% 27
\BOOKMARK [2][-]{subsection.6.3}{\376\377\136\070\211\301\000z\123\330\143\142\133\371}{section.6}% 28
\BOOKMARK [2][-]{subsection.6.4}{\376\377\126\340\147\234\140\047\116\016\172\063\133\232\140\047}{section.6}% 29
\BOOKMARK [2][-]{subsection.6.5}{\376\377\123\125\217\271\140\047\215\050}{section.6}% 30
\BOOKMARK [2][-]{subsection.6.6}{\376\377\147\054\137\201\121\375\145\160}{section.6}% 31
\BOOKMARK [1][-]{section.7}{\376\377\217\336\176\355\145\366\225\364\000L\000T\000I\174\373\176\337\122\006\147\220}{}% 32
\BOOKMARK [2][-]{subsection.7.1}{\376\377\174\373\176\337\121\375\145\160}{section.7}% 33
\BOOKMARK [2][-]{subsection.7.2}{\376\377\230\221\163\207\124\315\136\224}{section.7}% 34
\BOOKMARK [2][-]{subsection.7.3}{\376\377\145\340\131\061\167\037\117\040\217\223\147\141\116\366}{section.7}% 35
\BOOKMARK [2][-]{subsection.7.4}{\376\377\177\244\145\366\136\366\116\016\166\370\145\366\136\366}{section.7}% 36
\BOOKMARK [2][-]{subsection.7.5}{\376\377\220\350\122\006\122\006\137\017\134\125\137\000}{section.7}% 37
\BOOKMARK [1][-]{section.8}{\376\377\174\373\176\337\217\336\143\245}{}% 38
\BOOKMARK [1][-]{section.9}{\376\377\142\311\146\156\142\311\145\257\116\016\000z\123\330\143\142\174\173\153\324}{}% 39
\BOOKMARK [2][-]{subsection.9.1}{\376\377\172\063\133\232\140\047\133\371\136\224}{section.9}% 40
\BOOKMARK [2][-]{subsection.9.2}{\376\377\146\040\134\004\121\163\174\373}{section.9}% 41
\BOOKMARK [1][-]{section.10}{\376\377\221\307\150\067\164\006\213\272}{}% 42
\BOOKMARK [2][-]{subsection.10.1}{\376\377\121\262\157\300\116\062\221\307\150\067}{section.10}% 43
\BOOKMARK [2][-]{subsection.10.2}{\376\377\131\110\131\116\145\257\162\171\221\307\150\067\133\232\164\006}{section.10}% 44
\BOOKMARK [2][-]{subsection.10.3}{\376\377\117\341\123\367\140\142\131\015}{section.10}% 45
\BOOKMARK [2][-]{subsection.10.4}{\376\377\171\273\145\143\145\366\225\364\131\004\164\006\217\336\176\355\117\341\123\367\155\101\172\013}{section.10}% 46
\BOOKMARK [2][-]{subsection.10.5}{\376\377\155\367\123\340\163\260\214\141}{section.10}% 47
\BOOKMARK [1][-]{section.11}{\376\377\154\350\141\017\116\213\230\171}{}% 48
